{"C:\\Users\\USUARIO\\Documents\\NODE TS 2023\\07-REST-web\\src\\domain\\index.ts": {"path":"C:\\Users\\USUARIO\\Documents\\NODE TS 2023\\07-REST-web\\src\\domain\\index.ts","all":false,"statementMap":{"0":{"start":{"line":1,"column":0},"end":{"line":1,"column":46}},"1":{"start":{"line":2,"column":0},"end":{"line":2,"column":23}},"2":{"start":{"line":3,"column":0},"end":{"line":3,"column":39}},"3":{"start":{"line":4,"column":0},"end":{"line":4,"column":47}},"4":{"start":{"line":5,"column":0},"end":{"line":5,"column":0}},"5":{"start":{"line":6,"column":0},"end":{"line":6,"column":18}},"6":{"start":{"line":7,"column":0},"end":{"line":7,"column":45}},"7":{"start":{"line":8,"column":0},"end":{"line":8,"column":45}},"8":{"start":{"line":9,"column":0},"end":{"line":9,"column":42}},"9":{"start":{"line":10,"column":0},"end":{"line":10,"column":43}},"10":{"start":{"line":11,"column":0},"end":{"line":11,"column":45}},"11":{"start":{"line":12,"column":0},"end":{"line":12,"column":0}},"12":{"start":{"line":13,"column":0},"end":{"line":13,"column":18}},"13":{"start":{"line":14,"column":0},"end":{"line":14,"column":38}}},"s":{"0":1,"1":1,"2":1,"3":1,"4":1,"5":1,"6":1,"7":1,"8":1,"9":1,"10":1,"11":1,"12":1,"13":1},"branchMap":{},"b":{},"fnMap":{},"f":{}}
,"C:\\Users\\USUARIO\\Documents\\NODE TS 2023\\07-REST-web\\src\\domain\\errors\\custom.error.ts": {"path":"C:\\Users\\USUARIO\\Documents\\NODE TS 2023\\07-REST-web\\src\\domain\\errors\\custom.error.ts","all":false,"statementMap":{"0":{"start":{"line":1,"column":0},"end":{"line":1,"column":0}},"1":{"start":{"line":2,"column":0},"end":{"line":2,"column":0}},"2":{"start":{"line":3,"column":0},"end":{"line":3,"column":40}},"3":{"start":{"line":4,"column":0},"end":{"line":4,"column":0}},"4":{"start":{"line":5,"column":0},"end":{"line":5,"column":16}},"5":{"start":{"line":6,"column":0},"end":{"line":6,"column":40}},"6":{"start":{"line":7,"column":0},"end":{"line":7,"column":48}},"7":{"start":{"line":8,"column":0},"end":{"line":8,"column":6}},"8":{"start":{"line":9,"column":0},"end":{"line":9,"column":23}},"9":{"start":{"line":10,"column":0},"end":{"line":10,"column":5}},"10":{"start":{"line":11,"column":0},"end":{"line":11,"column":0}},"11":{"start":{"line":12,"column":0},"end":{"line":12,"column":1}}},"s":{"0":1,"1":1,"2":1,"3":1,"4":1,"5":3,"6":3,"7":3,"8":3,"9":3,"10":1,"11":1},"branchMap":{"0":{"type":"branch","line":5,"loc":{"start":{"line":5,"column":4},"end":{"line":10,"column":5}},"locations":[{"start":{"line":5,"column":4},"end":{"line":10,"column":5}}]}},"b":{"0":[3]},"fnMap":{"0":{"name":"CustomError","decl":{"start":{"line":5,"column":4},"end":{"line":10,"column":5}},"loc":{"start":{"line":5,"column":4},"end":{"line":10,"column":5}},"line":5}},"f":{"0":3}}
,"C:\\Users\\USUARIO\\Documents\\NODE TS 2023\\07-REST-web\\src\\infrastructure\\datasource\\todo.datasource.impl.ts": {"path":"C:\\Users\\USUARIO\\Documents\\NODE TS 2023\\07-REST-web\\src\\infrastructure\\datasource\\todo.datasource.impl.ts","all":false,"statementMap":{"0":{"start":{"line":1,"column":0},"end":{"line":1,"column":43}},"1":{"start":{"line":2,"column":0},"end":{"line":2,"column":0}},"2":{"start":{"line":3,"column":0},"end":{"line":3,"column":45}},"3":{"start":{"line":4,"column":0},"end":{"line":4,"column":101}},"4":{"start":{"line":5,"column":0},"end":{"line":5,"column":0}},"5":{"start":{"line":6,"column":0},"end":{"line":6,"column":0}},"6":{"start":{"line":7,"column":0},"end":{"line":7,"column":59}},"7":{"start":{"line":8,"column":0},"end":{"line":8,"column":0}},"8":{"start":{"line":9,"column":0},"end":{"line":9,"column":0}},"9":{"start":{"line":10,"column":0},"end":{"line":10,"column":69}},"10":{"start":{"line":11,"column":0},"end":{"line":11,"column":47}},"11":{"start":{"line":12,"column":0},"end":{"line":12,"column":32}},"12":{"start":{"line":13,"column":0},"end":{"line":13,"column":11}},"13":{"start":{"line":14,"column":0},"end":{"line":14,"column":45}},"14":{"start":{"line":15,"column":0},"end":{"line":15,"column":5}},"15":{"start":{"line":16,"column":0},"end":{"line":16,"column":4}},"16":{"start":{"line":17,"column":0},"end":{"line":17,"column":43}},"17":{"start":{"line":18,"column":0},"end":{"line":18,"column":51}},"18":{"start":{"line":19,"column":0},"end":{"line":19,"column":67}},"19":{"start":{"line":20,"column":0},"end":{"line":20,"column":5}},"20":{"start":{"line":21,"column":0},"end":{"line":21,"column":4}},"21":{"start":{"line":22,"column":0},"end":{"line":22,"column":53}},"22":{"start":{"line":23,"column":0},"end":{"line":23,"column":50}},"23":{"start":{"line":24,"column":0},"end":{"line":24,"column":25}},"24":{"start":{"line":25,"column":0},"end":{"line":25,"column":11}},"25":{"start":{"line":26,"column":0},"end":{"line":26,"column":78}},"26":{"start":{"line":27,"column":0},"end":{"line":27,"column":43}},"27":{"start":{"line":28,"column":0},"end":{"line":28,"column":5}},"28":{"start":{"line":29,"column":0},"end":{"line":29,"column":4}},"29":{"start":{"line":30,"column":0},"end":{"line":30,"column":73}},"30":{"start":{"line":31,"column":0},"end":{"line":31,"column":46}},"31":{"start":{"line":32,"column":0},"end":{"line":32,"column":54}},"32":{"start":{"line":33,"column":0},"end":{"line":33,"column":44}},"33":{"start":{"line":34,"column":0},"end":{"line":34,"column":39}},"34":{"start":{"line":35,"column":0},"end":{"line":35,"column":11}},"35":{"start":{"line":36,"column":0},"end":{"line":36,"column":49}},"36":{"start":{"line":37,"column":0},"end":{"line":37,"column":5}},"37":{"start":{"line":38,"column":0},"end":{"line":38,"column":4}},"38":{"start":{"line":39,"column":0},"end":{"line":39,"column":55}},"39":{"start":{"line":40,"column":0},"end":{"line":40,"column":32}},"40":{"start":{"line":41,"column":0},"end":{"line":41,"column":50}},"41":{"start":{"line":42,"column":0},"end":{"line":42,"column":20}},"42":{"start":{"line":43,"column":0},"end":{"line":43,"column":18}},"43":{"start":{"line":44,"column":0},"end":{"line":44,"column":13}},"44":{"start":{"line":45,"column":0},"end":{"line":45,"column":11}},"45":{"start":{"line":46,"column":0},"end":{"line":46,"column":48}},"46":{"start":{"line":47,"column":0},"end":{"line":47,"column":5}},"47":{"start":{"line":48,"column":0},"end":{"line":48,"column":0}},"48":{"start":{"line":49,"column":0},"end":{"line":49,"column":1}}},"s":{"0":1,"1":1,"2":1,"3":1,"4":1,"5":1,"6":1,"7":1,"8":1,"9":1,"10":1,"11":1,"12":1,"13":1,"14":1,"15":1,"16":1,"17":1,"18":1,"19":1,"20":1,"21":1,"22":8,"23":8,"24":8,"25":8,"26":5,"27":5,"28":1,"29":1,"30":4,"31":3,"32":3,"33":3,"34":3,"35":3,"36":3,"37":1,"38":1,"39":2,"40":1,"41":1,"42":1,"43":1,"44":1,"45":1,"46":1,"47":1,"48":1},"branchMap":{"0":{"type":"branch","line":10,"loc":{"start":{"line":10,"column":10},"end":{"line":15,"column":5}},"locations":[{"start":{"line":10,"column":10},"end":{"line":15,"column":5}}]},"1":{"type":"branch","line":17,"loc":{"start":{"line":17,"column":10},"end":{"line":20,"column":5}},"locations":[{"start":{"line":17,"column":10},"end":{"line":20,"column":5}}]},"2":{"type":"branch","line":19,"loc":{"start":{"line":19,"column":25},"end":{"line":19,"column":60}},"locations":[{"start":{"line":19,"column":25},"end":{"line":19,"column":60}}]},"3":{"type":"branch","line":22,"loc":{"start":{"line":22,"column":10},"end":{"line":28,"column":5}},"locations":[{"start":{"line":22,"column":10},"end":{"line":28,"column":5}}]},"4":{"type":"branch","line":26,"loc":{"start":{"line":26,"column":18},"end":{"line":26,"column":78}},"locations":[{"start":{"line":26,"column":18},"end":{"line":26,"column":78}}]},"5":{"type":"branch","line":27,"loc":{"start":{"line":27,"column":-2},"end":{"line":28,"column":5}},"locations":[{"start":{"line":27,"column":-2},"end":{"line":28,"column":5}}]},"6":{"type":"branch","line":30,"loc":{"start":{"line":30,"column":10},"end":{"line":37,"column":5}},"locations":[{"start":{"line":30,"column":10},"end":{"line":37,"column":5}}]},"7":{"type":"branch","line":32,"loc":{"start":{"line":32,"column":-2},"end":{"line":37,"column":5}},"locations":[{"start":{"line":32,"column":-2},"end":{"line":37,"column":5}}]},"8":{"type":"branch","line":39,"loc":{"start":{"line":39,"column":10},"end":{"line":47,"column":5}},"locations":[{"start":{"line":39,"column":10},"end":{"line":47,"column":5}}]},"9":{"type":"branch","line":41,"loc":{"start":{"line":41,"column":-2},"end":{"line":47,"column":5}},"locations":[{"start":{"line":41,"column":-2},"end":{"line":47,"column":5}}]}},"b":{"0":[1],"1":[1],"2":[2],"3":[8],"4":[3],"5":[5],"6":[4],"7":[3],"8":[2],"9":[1]},"fnMap":{"0":{"name":"create","decl":{"start":{"line":10,"column":10},"end":{"line":15,"column":5}},"loc":{"start":{"line":10,"column":10},"end":{"line":15,"column":5}},"line":10},"1":{"name":"getAll","decl":{"start":{"line":17,"column":10},"end":{"line":20,"column":5}},"loc":{"start":{"line":17,"column":10},"end":{"line":20,"column":5}},"line":17},"2":{"name":"findById","decl":{"start":{"line":22,"column":10},"end":{"line":28,"column":5}},"loc":{"start":{"line":22,"column":10},"end":{"line":28,"column":5}},"line":22},"3":{"name":"updateById","decl":{"start":{"line":30,"column":10},"end":{"line":37,"column":5}},"loc":{"start":{"line":30,"column":10},"end":{"line":37,"column":5}},"line":30},"4":{"name":"deleteById","decl":{"start":{"line":39,"column":10},"end":{"line":47,"column":5}},"loc":{"start":{"line":39,"column":10},"end":{"line":47,"column":5}},"line":39}},"f":{"0":1,"1":1,"2":8,"3":4,"4":2}}
,"C:\\Users\\USUARIO\\Documents\\NODE TS 2023\\07-REST-web\\src\\presentation\\todos\\controller.ts": {"path":"C:\\Users\\USUARIO\\Documents\\NODE TS 2023\\07-REST-web\\src\\presentation\\todos\\controller.ts","all":false,"statementMap":{"0":{"start":{"line":1,"column":0},"end":{"line":1,"column":53}},"1":{"start":{"line":2,"column":0},"end":{"line":2,"column":65}},"2":{"start":{"line":3,"column":0},"end":{"line":3,"column":114}},"3":{"start":{"line":4,"column":0},"end":{"line":4,"column":0}},"4":{"start":{"line":5,"column":0},"end":{"line":5,"column":30}},"5":{"start":{"line":6,"column":0},"end":{"line":6,"column":0}},"6":{"start":{"line":7,"column":0},"end":{"line":7,"column":10}},"7":{"start":{"line":8,"column":0},"end":{"line":8,"column":16}},"8":{"start":{"line":9,"column":0},"end":{"line":9,"column":55}},"9":{"start":{"line":10,"column":0},"end":{"line":10,"column":7}},"10":{"start":{"line":11,"column":0},"end":{"line":11,"column":0}},"11":{"start":{"line":12,"column":0},"end":{"line":12,"column":109}},"12":{"start":{"line":13,"column":0},"end":{"line":13,"column":64}},"13":{"start":{"line":14,"column":0},"end":{"line":14,"column":44}},"14":{"start":{"line":15,"column":0},"end":{"line":15,"column":74}},"15":{"start":{"line":16,"column":0},"end":{"line":16,"column":19}},"16":{"start":{"line":17,"column":0},"end":{"line":17,"column":9}},"17":{"start":{"line":18,"column":0},"end":{"line":18,"column":22}},"18":{"start":{"line":19,"column":0},"end":{"line":19,"column":66}},"19":{"start":{"line":20,"column":0},"end":{"line":20,"column":5}},"20":{"start":{"line":21,"column":0},"end":{"line":21,"column":0}},"21":{"start":{"line":22,"column":0},"end":{"line":22,"column":56}},"22":{"start":{"line":23,"column":0},"end":{"line":23,"column":43}},"23":{"start":{"line":24,"column":0},"end":{"line":24,"column":22}},"24":{"start":{"line":25,"column":0},"end":{"line":25,"column":47}},"25":{"start":{"line":26,"column":0},"end":{"line":26,"column":59}},"26":{"start":{"line":27,"column":0},"end":{"line":27,"column":5}},"27":{"start":{"line":28,"column":0},"end":{"line":28,"column":0}},"28":{"start":{"line":29,"column":0},"end":{"line":29,"column":59}},"29":{"start":{"line":30,"column":0},"end":{"line":30,"column":34}},"30":{"start":{"line":31,"column":0},"end":{"line":31,"column":42}},"31":{"start":{"line":32,"column":0},"end":{"line":32,"column":24}},"32":{"start":{"line":33,"column":0},"end":{"line":33,"column":41}},"33":{"start":{"line":34,"column":0},"end":{"line":34,"column":59}},"34":{"start":{"line":35,"column":0},"end":{"line":35,"column":5}},"35":{"start":{"line":36,"column":0},"end":{"line":36,"column":0}},"36":{"start":{"line":37,"column":0},"end":{"line":37,"column":58}},"37":{"start":{"line":38,"column":0},"end":{"line":38,"column":72}},"38":{"start":{"line":39,"column":0},"end":{"line":39,"column":57}},"39":{"start":{"line":40,"column":0},"end":{"line":40,"column":8}},"40":{"start":{"line":41,"column":0},"end":{"line":41,"column":45}},"41":{"start":{"line":42,"column":0},"end":{"line":42,"column":38}},"42":{"start":{"line":43,"column":0},"end":{"line":43,"column":53}},"43":{"start":{"line":44,"column":0},"end":{"line":44,"column":58}},"44":{"start":{"line":45,"column":0},"end":{"line":45,"column":5}},"45":{"start":{"line":46,"column":0},"end":{"line":46,"column":0}},"46":{"start":{"line":47,"column":0},"end":{"line":47,"column":58}},"47":{"start":{"line":48,"column":0},"end":{"line":48,"column":34}},"48":{"start":{"line":49,"column":0},"end":{"line":49,"column":81}},"49":{"start":{"line":50,"column":0},"end":{"line":50,"column":59}},"50":{"start":{"line":51,"column":0},"end":{"line":51,"column":0}},"51":{"start":{"line":52,"column":0},"end":{"line":52,"column":45}},"52":{"start":{"line":53,"column":0},"end":{"line":53,"column":36}},"53":{"start":{"line":54,"column":0},"end":{"line":54,"column":53}},"54":{"start":{"line":55,"column":0},"end":{"line":55,"column":58}},"55":{"start":{"line":56,"column":0},"end":{"line":56,"column":5}},"56":{"start":{"line":57,"column":0},"end":{"line":57,"column":0}},"57":{"start":{"line":58,"column":0},"end":{"line":58,"column":64}},"58":{"start":{"line":59,"column":0},"end":{"line":59,"column":34}},"59":{"start":{"line":60,"column":0},"end":{"line":60,"column":45}},"60":{"start":{"line":61,"column":0},"end":{"line":61,"column":24}},"61":{"start":{"line":62,"column":0},"end":{"line":62,"column":41}},"62":{"start":{"line":63,"column":0},"end":{"line":63,"column":58}},"63":{"start":{"line":64,"column":0},"end":{"line":64,"column":5}},"64":{"start":{"line":65,"column":0},"end":{"line":65,"column":0}},"65":{"start":{"line":66,"column":0},"end":{"line":66,"column":1}}},"s":{"0":1,"1":1,"2":1,"3":1,"4":1,"5":1,"6":1,"7":1,"8":2,"9":2,"10":1,"11":1,"12":1,"13":3,"14":3,"15":3,"16":3,"17":0,"18":0,"19":0,"20":1,"21":1,"22":1,"23":1,"24":1,"25":1,"26":1,"27":1,"28":1,"29":2,"30":2,"31":2,"32":2,"33":2,"34":2,"35":1,"36":1,"37":3,"38":3,"39":1,"40":1,"41":1,"42":1,"43":1,"44":1,"45":1,"46":1,"47":4,"48":4,"49":4,"50":4,"51":4,"52":4,"53":4,"54":4,"55":4,"56":1,"57":1,"58":2,"59":2,"60":2,"61":2,"62":2,"63":2,"64":1,"65":1},"branchMap":{"0":{"type":"branch","line":8,"loc":{"start":{"line":8,"column":4},"end":{"line":10,"column":7}},"locations":[{"start":{"line":8,"column":4},"end":{"line":10,"column":7}}]},"1":{"type":"branch","line":13,"loc":{"start":{"line":13,"column":26},"end":{"line":20,"column":5}},"locations":[{"start":{"line":13,"column":26},"end":{"line":20,"column":5}}]},"2":{"type":"branch","line":18,"loc":{"start":{"line":18,"column":-2},"end":{"line":20,"column":5}},"locations":[{"start":{"line":18,"column":-2},"end":{"line":20,"column":5}}]},"3":{"type":"branch","line":22,"loc":{"start":{"line":22,"column":22},"end":{"line":27,"column":5}},"locations":[{"start":{"line":22,"column":22},"end":{"line":27,"column":5}}]},"4":{"type":"branch","line":25,"loc":{"start":{"line":25,"column":19},"end":{"line":25,"column":45}},"locations":[{"start":{"line":25,"column":19},"end":{"line":25,"column":45}}]},"5":{"type":"branch","line":29,"loc":{"start":{"line":29,"column":25},"end":{"line":35,"column":5}},"locations":[{"start":{"line":29,"column":25},"end":{"line":35,"column":5}}]},"6":{"type":"branch","line":33,"loc":{"start":{"line":33,"column":18},"end":{"line":33,"column":40}},"locations":[{"start":{"line":33,"column":18},"end":{"line":33,"column":40}}]},"7":{"type":"branch","line":34,"loc":{"start":{"line":34,"column":20},"end":{"line":34,"column":57}},"locations":[{"start":{"line":34,"column":20},"end":{"line":34,"column":57}}]},"8":{"type":"branch","line":37,"loc":{"start":{"line":37,"column":24},"end":{"line":45,"column":5}},"locations":[{"start":{"line":37,"column":24},"end":{"line":45,"column":5}}]},"9":{"type":"branch","line":39,"loc":{"start":{"line":39,"column":18},"end":{"line":39,"column":57}},"locations":[{"start":{"line":39,"column":18},"end":{"line":39,"column":57}}]},"10":{"type":"branch","line":40,"loc":{"start":{"line":40,"column":-2},"end":{"line":45,"column":5}},"locations":[{"start":{"line":40,"column":-2},"end":{"line":45,"column":5}}]},"11":{"type":"branch","line":43,"loc":{"start":{"line":43,"column":18},"end":{"line":43,"column":52}},"locations":[{"start":{"line":43,"column":18},"end":{"line":43,"column":52}}]},"12":{"type":"branch","line":47,"loc":{"start":{"line":47,"column":24},"end":{"line":56,"column":5}},"locations":[{"start":{"line":47,"column":24},"end":{"line":56,"column":5}}]},"13":{"type":"branch","line":50,"loc":{"start":{"line":50,"column":20},"end":{"line":50,"column":59}},"locations":[{"start":{"line":50,"column":20},"end":{"line":50,"column":59}}]},"14":{"type":"branch","line":54,"loc":{"start":{"line":54,"column":18},"end":{"line":54,"column":52}},"locations":[{"start":{"line":54,"column":18},"end":{"line":54,"column":52}}]},"15":{"type":"branch","line":55,"loc":{"start":{"line":55,"column":19},"end":{"line":55,"column":56}},"locations":[{"start":{"line":55,"column":19},"end":{"line":55,"column":56}}]},"16":{"type":"branch","line":58,"loc":{"start":{"line":58,"column":24},"end":{"line":64,"column":5}},"locations":[{"start":{"line":58,"column":24},"end":{"line":64,"column":5}}]},"17":{"type":"branch","line":58,"loc":{"start":{"line":58,"column":62},"end":{"line":64,"column":5}},"locations":[{"start":{"line":58,"column":62},"end":{"line":64,"column":5}}]},"18":{"type":"branch","line":62,"loc":{"start":{"line":62,"column":18},"end":{"line":62,"column":40}},"locations":[{"start":{"line":62,"column":18},"end":{"line":62,"column":40}}]},"19":{"type":"branch","line":63,"loc":{"start":{"line":63,"column":19},"end":{"line":63,"column":56}},"locations":[{"start":{"line":63,"column":19},"end":{"line":63,"column":56}}]}},"b":{"0":[2],"1":[3],"2":[0],"3":[1],"4":[1],"5":[2],"6":[1],"7":[1],"8":[3],"9":[2],"10":[1],"11":[1],"12":[4],"13":[0],"14":[3],"15":[1],"16":[2],"17":[2],"18":[1],"19":[1]},"fnMap":{"0":{"name":"TodosController","decl":{"start":{"line":8,"column":4},"end":{"line":10,"column":7}},"loc":{"start":{"line":8,"column":4},"end":{"line":10,"column":7}},"line":8},"1":{"name":"TodosController.handleError","decl":{"start":{"line":13,"column":26},"end":{"line":20,"column":5}},"loc":{"start":{"line":13,"column":26},"end":{"line":20,"column":5}},"line":13},"2":{"name":"TodosController.getTodos","decl":{"start":{"line":22,"column":22},"end":{"line":27,"column":5}},"loc":{"start":{"line":22,"column":22},"end":{"line":27,"column":5}},"line":22},"3":{"name":"TodosController.getTodoById","decl":{"start":{"line":29,"column":25},"end":{"line":35,"column":5}},"loc":{"start":{"line":29,"column":25},"end":{"line":35,"column":5}},"line":29},"4":{"name":"TodosController.createTodo","decl":{"start":{"line":37,"column":24},"end":{"line":45,"column":5}},"loc":{"start":{"line":37,"column":24},"end":{"line":45,"column":5}},"line":37},"5":{"name":"TodosController.updateTodo","decl":{"start":{"line":47,"column":24},"end":{"line":56,"column":5}},"loc":{"start":{"line":47,"column":24},"end":{"line":56,"column":5}},"line":47},"6":{"name":"TodosController.deleteTodo","decl":{"start":{"line":58,"column":24},"end":{"line":64,"column":5}},"loc":{"start":{"line":58,"column":24},"end":{"line":64,"column":5}},"line":58}},"f":{"0":2,"1":3,"2":1,"3":2,"4":3,"5":4,"6":2}}
}
