TN:
SF:src\domain\index.ts
FNF:0
FNH:0
DA:1,1
DA:2,1
DA:3,1
DA:4,1
DA:5,1
DA:6,1
DA:7,1
DA:8,1
DA:9,1
DA:10,1
DA:11,1
DA:12,1
DA:13,1
DA:14,1
LF:14
LH:14
BRF:0
BRH:0
end_of_record
TN:
SF:src\domain\errors\custom.error.ts
FN:5,CustomError
FNF:1
FNH:1
FNDA:3,CustomError
DA:1,1
DA:2,1
DA:3,1
DA:4,1
DA:5,1
DA:6,3
DA:7,3
DA:8,3
DA:9,3
DA:10,3
DA:11,1
DA:12,1
LF:12
LH:12
BRDA:5,0,0,3
BRF:1
BRH:1
end_of_record
TN:
SF:src\infrastructure\datasource\todo.datasource.impl.ts
FN:10,create
FN:17,getAll
FN:22,findById
FN:30,updateById
FN:39,deleteById
FNF:5
FNH:5
FNDA:1,create
FNDA:1,getAll
FNDA:8,findById
FNDA:4,updateById
FNDA:2,deleteById
DA:1,1
DA:2,1
DA:3,1
DA:4,1
DA:5,1
DA:6,1
DA:7,1
DA:8,1
DA:9,1
DA:10,1
DA:11,1
DA:12,1
DA:13,1
DA:14,1
DA:15,1
DA:16,1
DA:17,1
DA:18,1
DA:19,1
DA:20,1
DA:21,1
DA:22,1
DA:23,8
DA:24,8
DA:25,8
DA:26,8
DA:27,5
DA:28,5
DA:29,1
DA:30,1
DA:31,4
DA:32,3
DA:33,3
DA:34,3
DA:35,3
DA:36,3
DA:37,3
DA:38,1
DA:39,1
DA:40,2
DA:41,1
DA:42,1
DA:43,1
DA:44,1
DA:45,1
DA:46,1
DA:47,1
DA:48,1
DA:49,1
LF:49
LH:49
BRDA:10,0,0,1
BRDA:17,1,0,1
BRDA:19,2,0,2
BRDA:22,3,0,8
BRDA:26,4,0,3
BRDA:27,5,0,5
BRDA:30,6,0,4
BRDA:32,7,0,3
BRDA:39,8,0,2
BRDA:41,9,0,1
BRF:10
BRH:10
end_of_record
TN:
SF:src\presentation\todos\controller.ts
FN:8,TodosController
FN:13,TodosController.handleError
FN:22,TodosController.getTodos
FN:29,TodosController.getTodoById
FN:37,TodosController.createTodo
FN:47,TodosController.updateTodo
FN:58,TodosController.deleteTodo
FNF:7
FNH:7
FNDA:2,TodosController
FNDA:3,TodosController.handleError
FNDA:1,TodosController.getTodos
FNDA:2,TodosController.getTodoById
FNDA:3,TodosController.createTodo
FNDA:4,TodosController.updateTodo
FNDA:2,TodosController.deleteTodo
DA:1,1
DA:2,1
DA:3,1
DA:4,1
DA:5,1
DA:6,1
DA:7,1
DA:8,1
DA:9,2
DA:10,2
DA:11,1
DA:12,1
DA:13,1
DA:14,3
DA:15,3
DA:16,3
DA:17,3
DA:18,0
DA:19,0
DA:20,0
DA:21,1
DA:22,1
DA:23,1
DA:24,1
DA:25,1
DA:26,1
DA:27,1
DA:28,1
DA:29,1
DA:30,2
DA:31,2
DA:32,2
DA:33,2
DA:34,2
DA:35,2
DA:36,1
DA:37,1
DA:38,3
DA:39,3
DA:40,1
DA:41,1
DA:42,1
DA:43,1
DA:44,1
DA:45,1
DA:46,1
DA:47,1
DA:48,4
DA:49,4
DA:50,4
DA:51,4
DA:52,4
DA:53,4
DA:54,4
DA:55,4
DA:56,4
DA:57,1
DA:58,1
DA:59,2
DA:60,2
DA:61,2
DA:62,2
DA:63,2
DA:64,2
DA:65,1
DA:66,1
LF:66
LH:63
BRDA:8,0,0,2
BRDA:13,1,0,3
BRDA:18,2,0,0
BRDA:22,3,0,1
BRDA:25,4,0,1
BRDA:29,5,0,2
BRDA:33,6,0,1
BRDA:34,7,0,1
BRDA:37,8,0,3
BRDA:39,9,0,2
BRDA:40,10,0,1
BRDA:43,11,0,1
BRDA:47,12,0,4
BRDA:50,13,0,0
BRDA:54,14,0,3
BRDA:55,15,0,1
BRDA:58,16,0,2
BRDA:58,17,0,2
BRDA:62,18,0,1
BRDA:63,19,0,1
BRF:20
BRH:18
end_of_record
