TN:
SF:src\app.ts
FN:11,main
FNF:1
FNH:1
FNDA:1,main
DA:1,1
DA:2,1
DA:3,1
DA:4,1
DA:5,1
DA:6,1
DA:7,1
DA:8,1
DA:9,1
DA:10,1
DA:11,1
DA:12,1
DA:13,1
DA:14,1
DA:15,1
DA:16,1
DA:17,1
DA:18,1
DA:19,1
DA:20,1
DA:21,1
LF:21
LH:21
BRDA:6,0,0,1
BRDA:11,1,0,1
BRF:2
BRH:2
end_of_record
TN:
SF:src\config\envs.ts
FNF:0
FNH:0
DA:1,1
DA:2,1
DA:3,1
DA:4,1
DA:5,1
DA:6,1
DA:7,1
DA:8,1
DA:9,1
DA:10,1
DA:11,1
LF:11
LH:11
BRF:0
BRH:0
end_of_record
TN:
SF:src\data\postgres\index.ts
FNF:0
FNH:0
DA:1,1
DA:2,1
DA:3,1
DA:4,1
LF:4
LH:4
BRF:0
BRH:0
end_of_record
TN:
SF:src\domain\dtos\todos\create-todo.dto.ts
FN:6,CreateTodoDto
FN:10,create
FNF:2
FNH:2
FNDA:1,CreateTodoDto
FNDA:3,create
DA:1,1
DA:2,1
DA:3,1
DA:4,1
DA:5,1
DA:6,1
DA:7,1
DA:8,1
DA:9,1
DA:10,1
DA:11,3
DA:12,3
DA:13,1
DA:14,1
DA:15,1
DA:16,1
LF:16
LH:16
BRDA:6,0,0,1
BRDA:10,1,0,3
BRDA:12,2,0,1
BRDA:12,3,0,2
BRDA:13,4,0,1
BRF:5
BRH:5
end_of_record
TN:
SF:src\presentation\server.ts
FN:19,Server
FN:26,start
FN:51,close
FNF:3
FNH:3
FNDA:1,Server
FNDA:1,start
FNDA:1,close
DA:1,1
DA:2,1
DA:3,1
DA:4,1
DA:5,1
DA:6,1
DA:7,1
DA:8,1
DA:9,1
DA:10,1
DA:11,1
DA:12,1
DA:13,1
DA:14,1
DA:15,1
DA:16,1
DA:17,1
DA:18,1
DA:19,1
DA:20,1
DA:21,1
DA:22,1
DA:23,1
DA:24,1
DA:25,1
DA:26,1
DA:27,1
DA:28,1
DA:29,1
DA:30,1
DA:31,1
DA:32,1
DA:33,1
DA:34,1
DA:35,1
DA:36,1
DA:37,1
DA:38,1
DA:39,1
DA:40,1
DA:41,1
DA:42,0
DA:43,0
DA:44,1
DA:45,1
DA:46,1
DA:47,1
DA:48,1
DA:49,1
DA:50,1
DA:51,1
DA:52,1
DA:53,1
DA:54,1
DA:55,1
LF:55
LH:53
BRDA:19,0,0,1
BRDA:26,1,0,1
BRDA:46,2,0,1
BRDA:51,3,0,1
BRDA:52,4,0,0
BRF:5
BRH:4
end_of_record
TN:
SF:src\presentation\todos\controller.ts
FN:8,TodosController
FN:12,TodosController.getTodos
FN:19,TodosController.getTodoById
FN:27,TodosController.createTodo
FN:37,TodosController.updateTodo
FN:48,TodosController.deleteTodo
FNF:6
FNH:6
FNDA:2,TodosController
FNDA:1,TodosController.getTodos
FNDA:2,TodosController.getTodoById
FNDA:3,TodosController.createTodo
FNDA:4,TodosController.updateTodo
FNDA:2,TodosController.deleteTodo
DA:1,1
DA:2,1
DA:3,1
DA:4,1
DA:5,1
DA:6,1
DA:7,1
DA:8,1
DA:9,2
DA:10,2
DA:11,1
DA:12,1
DA:13,1
DA:14,1
DA:15,1
DA:16,1
DA:17,1
DA:18,1
DA:19,1
DA:20,2
DA:21,2
DA:22,2
DA:23,2
DA:24,2
DA:25,2
DA:26,1
DA:27,1
DA:28,3
DA:29,3
DA:30,1
DA:31,1
DA:32,1
DA:33,1
DA:34,1
DA:35,1
DA:36,1
DA:37,1
DA:38,4
DA:39,4
DA:40,4
DA:41,4
DA:42,4
DA:43,4
DA:44,4
DA:45,4
DA:46,4
DA:47,1
DA:48,1
DA:49,2
DA:50,2
DA:51,2
DA:52,2
DA:53,2
DA:54,2
DA:55,1
DA:56,1
LF:56
LH:56
BRDA:8,0,0,2
BRDA:12,1,0,1
BRDA:15,2,0,1
BRDA:19,3,0,2
BRDA:23,4,0,1
BRDA:24,5,0,1
BRDA:27,6,0,3
BRDA:29,7,0,2
BRDA:30,8,0,1
BRDA:33,9,0,1
BRDA:37,10,0,4
BRDA:40,11,0,0
BRDA:44,12,0,3
BRDA:45,13,0,1
BRDA:48,14,0,2
BRDA:48,15,0,2
BRDA:52,16,0,1
BRDA:53,17,0,1
BRF:18
BRH:17
end_of_record
TN:
SF:tests\test-server.ts
FNF:0
FNH:0
DA:1,1
DA:2,1
DA:3,1
DA:4,1
DA:5,1
DA:6,1
DA:7,1
DA:8,1
LF:8
LH:8
BRF:0
BRH:0
end_of_record
